<?xml version="1.0" encoding="UTF-8"?>
<!-- Generated by org.testng.reporters.JUnitReportReporter -->
<testsuite hostname="LTIN254340" failures="0" tests="1" name="testSuite.Regression" time="110.863" errors="0" timestamp="2022-01-08T08:00:11 IST" skipped="0">
  <testcase classname="testSuite.Regression" name="regressiontesting" time="110.863"/>
  <system-out/>
</testsuite> <!-- testSuite.Regression -->
