<?xml version="1.0" encoding="UTF-8"?>
<!-- Generated by org.testng.reporters.JUnitReportReporter -->
<testsuite hostname="LTIN254340" failures="0" tests="1" name="testSuite.SmokeTest" time="11.208" errors="0" timestamp="2022-01-08T08:00:11 IST" skipped="0">
  <testcase classname="testSuite.SmokeTest" name="smoketesting" time="11.208"/>
  <system-out/>
</testsuite> <!-- testSuite.SmokeTest -->
